<?xml version="1.0" encoding="UTF-8"?>
<!-- Generated by org.testng.reporters.JUnitXMLReporter -->
<testsuite hostname="TEKY-pc" name="EndToEnd" tests="1" failures="1" timestamp="5 Feb 2014 18:56:21 GMT" time="50.894" errors="0">
  <testcase name="shouldAbleToCreateFacility" time="30.46" classname="test.FacilityCreationTest">
    <failure type="org.openqa.selenium.TimeoutException" message="Timed out after 20 seconds waiting for visibility of [[ChromeDriver: chrome on XP (c0786fa4d533616a9c989022be3aec9a)] -&amp;gt; css selector: #messageID]
Build info: version: &amp;apos;2.37.0&amp;apos;, revision: &amp;apos;a7c61cb&amp;apos;, time: &amp;apos;2013-10-18 17:14:00&amp;apos;
System info: host: &amp;apos;TEKY-pc&amp;apos;, ip: &amp;apos;192.168.1.108&amp;apos;, os.name: &amp;apos;Windows 7&amp;apos;, os.arch: &amp;apos;x86&amp;apos;, os.version: &amp;apos;6.1&amp;apos;, java.version: &amp;apos;1.7.0_51&amp;apos;
Driver info: driver.version: unknown">
      <![CDATA[org.openqa.selenium.TimeoutException: Timed out after 20 seconds waiting for visibility of [[ChromeDriver: chrome on XP (c0786fa4d533616a9c989022be3aec9a)] -> css selector: #messageID]
Build info: version: '2.37.0', revision: 'a7c61cb', time: '2013-10-18 17:14:00'
System info: host: 'TEKY-pc', ip: '192.168.1.108', os.name: 'Windows 7', os.arch: 'x86', os.version: '6.1', java.version: '1.7.0_51'
Driver info: driver.version: unknown
	at org.openqa.selenium.support.ui.FluentWait.timeoutException(FluentWait.java:259)
	at org.openqa.selenium.support.ui.FluentWait.until(FluentWait.java:228)
	at common.BasePage.WaitForElement(BasePage.java:33)
	at page.FacitlityManagementPage.New(FacitlityManagementPage.java:79)
	at test.FacilityCreationTest.shouldAbleToCreateFacility(FacilityCreationTest.java:16)
... Removed 24 stack frames]]>
    </failure>
  </testcase> <!-- shouldAbleToCreateFacility -->
</testsuite> <!-- EndToEnd -->
